C51 COMPILER V8.02   SOFT_TIMER                                                            08/18/2012 13:36:36 PAGE 1   


C51 COMPILER V8.02, COMPILATION OF MODULE SOFT_TIMER
OBJECT MODULE PLACED IN soft_timer.OBJ
COMPILER INVOKED BY: C:\Keil\C51\BIN\C51.EXE soft_timer.c BROWSE DEBUG OBJECTEXTEND

line level    source

   1          #include "soft_timer.h"
   2          
   3          SOFT_TIMER soft_timer[SOFT_TIMER_NUM];
   4          
   5          //启动软件定时器 并将定时器置为初始状态 soft_timer_id为软件定时器数组索引
   6          void start_soft_timer(unsigned char soft_timer_id,unsigned int time_setting)
   7          {
   8   1              soft_timer[soft_timer_id].en_run = 1;
   9   1              soft_timer[soft_timer_id].value_current = 0;
  10   1              soft_timer[soft_timer_id].value_setting = time_setting;
  11   1              soft_timer[soft_timer_id].timeout_flg = 0;
  12   1      }
  13          
  14          //调度更新所有定时器 --只能在定时器中断中使用
  15          void update_all_timers(void)
  16          {
  17   1              unsigned char i;
  18   1      
  19   1                      for(i=0;i<SOFT_TIMER_NUM;i++)
  20   1                      {
  21   2                              if(soft_timer[i].en_run)//使能该软件定时器运行
  22   2                              {
  23   3                                      if((soft_timer[i].value_current)<(soft_timer[i].value_setting))//检测时间是否到
  24   3                                      {
  25   4                                              soft_timer[i].value_current++;                                  
  26   4                                      }
  27   3                                      else//时间到
  28   3                                      {
  29   4                                              soft_timer[i].timeout_flg = 1;//软件定时器到标志置位
  30   4                                              soft_timer[i].en_run = 0;//停止该软件定时器     
  31   4                                      }
  32   3                              }
  33   2                      }       
  34   1      }
  35          /*      
  36                  检查指定的软件定时器定时时间到了没 到了返回1
  37          */
  38          unsigned char check_soft_timer(unsigned char soft_timer_id)
  39          {       
  40   1              return soft_timer[soft_timer_id].timeout_flg;
  41   1      }
  42          
  43          /*      
  44                  清除软件定时器时间到标志 方便下一次进行定时
  45          */
  46          void clear_soft_timer(unsigned char soft_timer_id)
  47          {       
  48   1              soft_timer[soft_timer_id].timeout_flg = 0;
  49   1      }


MODULE INFORMATION:   STATIC OVERLAYABLE
   CODE SIZE        =    154    ----
   CONSTANT SIZE    =   ----    ----
   XDATA SIZE       =   ----    ----
C51 COMPILER V8.02   SOFT_TIMER                                                            08/18/2012 13:36:36 PAGE 2   

   PDATA SIZE       =   ----    ----
   DATA SIZE        =      6    ----
   IDATA SIZE       =   ----    ----
   BIT SIZE         =   ----    ----
END OF MODULE INFORMATION.


C51 COMPILATION COMPLETE.  0 WARNING(S),  0 ERROR(S)
